app/build/outputs/logs/manifest-merger-debug-report.txt
-- Merging decision tree log ---
manifest
ADDED from src/main/AndroidManifest.xml:2:1-193:12
	package
		ADDED from src/main/AndroidManifest.xml:3:5-30
		INJECTED from src/main/AndroidManifest.xml
		INJECTED from src/main/AndroidManifest.xml
	android:versionName
		ADDED from src/main/AndroidManifest.xml:5:5-35
		INJECTED from src/main/AndroidManifest.xml
		INJECTED from src/main/AndroidManifest.xml
	android:versionCode
		ADDED from src/main/AndroidManifest.xml:4:5-28
		INJECTED from src/main/AndroidManifest.xml
		INJECTED from src/main/AndroidManifest.xml
	xmlns:android
		ADDED from src/main/AndroidManifest.xml:2:11-69
uses-sdk
ADDED from src/main/AndroidManifest.xml:7:5-9:41
MERGED from [com.android.support:appcompat-v7:25.0.1] AndroidManifest.xml:21:5-23:78
MERGED from [com.android.support:support-v4:25.0.1] AndroidManifest.xml:21:5-23:54
MERGED from [com.android.support:support-compat:25.0.1] AndroidManifest.xml:21:5-23:58
MERGED from [com.android.support:support-media-compat:25.0.1] AndroidManifest.xml:21:5-23:63
MERGED from [com.android.support:support-core-utils:25.0.1] AndroidManifest.xml:21:5-23:61
MERGED from [com.android.support:support-core-ui:25.0.1] AndroidManifest.xml:21:5-23:58
MERGED from [com.android.support:support-fragment:25.0.1] AndroidManifest.xml:21:5-23:60
MERGED from [com.android.support:support-vector-drawable:25.0.1] AndroidManifest.xml:21:5-43
MERGED from [com.android.support:animated-vector-drawable:25.0.1] AndroidManifest.xml:20:5-44
MERGED from [com.android.support:palette-v7:25.0.1] AndroidManifest.xml:20:5-43
	tools:overrideLibrary
		ADDED from [com.android.support:appcompat-v7:25.0.1] AndroidManifest.xml:23:9-75
	android:targetSdkVersion
		ADDED from src/main/AndroidManifest.xml:9:9-38
		INJECTED from src/main/AndroidManifest.xml
		INJECTED from src/main/AndroidManifest.xml
	android:minSdkVersion
		ADDED from src/main/AndroidManifest.xml:8:9-35
		INJECTED from src/main/AndroidManifest.xml
		INJECTED from src/main/AndroidManifest.xml
uses-permission#android.permission.INTERNET
ADDED from src/main/AndroidManifest.xml:11:5-67
	android:name
		ADDED from src/main/AndroidManifest.xml:11:22-64
uses-permission#android.permission.WRITE_EXTERNAL_STORAGE
ADDED from src/main/AndroidManifest.xml:12:5-81
	android:name
		ADDED from src/main/AndroidManifest.xml:12:22-78
uses-permission#android.permission.RECEIVE_BOOT_COMPLETED
ADDED from src/main/AndroidManifest.xml:13:5-81
	android:name
		ADDED from src/main/AndroidManifest.xml:13:22-78
uses-permission#android.permission.SEND_DOWNLOAD_COMPLETED_INTENTS
ADDED from src/main/AndroidManifest.xml:14:5-90
	android:name
		ADDED from src/main/AndroidManifest.xml:14:22-87
uses-permission#android.permission.ACCESS_NETWORK_STATE
ADDED from src/main/AndroidManifest.xml:15:5-79
	android:name
		ADDED from src/main/AndroidManifest.xml:15:22-76
uses-permission#android.permission.WAKE_LOCK
ADDED from src/main/AndroidManifest.xml:16:5-68
	android:name
		ADDED from src/main/AndroidManifest.xml:16:22-65
uses-permission#android.permission.MOUNT_UNMOUNT_FILESYSTEMS
ADDED from src/main/AndroidManifest.xml:17:5-84
	android:name
		ADDED from src/main/AndroidManifest.xml:17:22-81
uses-permission#android.permission.SYSTEM_ALERT_WINDOW
ADDED from src/main/AndroidManifest.xml:18:5-78
	android:name
		ADDED from src/main/AndroidManifest.xml:18:22-75
uses-permission#android.permission.SYSTEM_OVERLAY_WINDOW
ADDED from src/main/AndroidManifest.xml:19:5-80
	android:name
		ADDED from src/main/AndroidManifest.xml:19:22-77
uses-permission#android.permission.RECORD_AUDIO
ADDED from src/main/AndroidManifest.xml:20:5-71
	android:name
		ADDED from src/main/AndroidManifest.xml:20:22-68
uses-permission#android.permission.BLUETOOTH
ADDED from src/main/AndroidManifest.xml:21:5-68
	android:name
		ADDED from src/main/AndroidManifest.xml:21:22-65
uses-permission#android.permission.BLUETOOTH_ADMIN
ADDED from src/main/AndroidManifest.xml:22:5-74
	android:name
		ADDED from src/main/AndroidManifest.xml:22:22-71
uses-permission#android.permission.VIBRATE
ADDED from src/main/AndroidManifest.xml:23:5-66
	android:name
		ADDED from src/main/AndroidManifest.xml:23:22-63
application
ADDED from src/main/AndroidManifest.xml:26:5-191:19
MERGED from [com.android.support:appcompat-v7:25.0.1] AndroidManifest.xml:25:5-20
MERGED from [com.android.support:support-v4:25.0.1] AndroidManifest.xml:25:5-20
MERGED from [com.android.support:support-compat:25.0.1] AndroidManifest.xml:25:5-20
MERGED from [com.android.support:support-media-compat:25.0.1] AndroidManifest.xml:25:5-20
MERGED from [com.android.support:support-core-utils:25.0.1] AndroidManifest.xml:25:5-20
MERGED from [com.android.support:support-core-ui:25.0.1] AndroidManifest.xml:25:5-20
MERGED from [com.android.support:support-fragment:25.0.1] AndroidManifest.xml:25:5-20
MERGED from [com.android.support:support-vector-drawable:25.0.1] AndroidManifest.xml:23:5-20
MERGED from [com.android.support:animated-vector-drawable:25.0.1] AndroidManifest.xml:22:5-20
MERGED from [com.android.support:palette-v7:25.0.1] AndroidManifest.xml:22:5-23:19
	android:label
		ADDED from src/main/AndroidManifest.xml:30:9-41
	android:allowBackup
		ADDED from src/main/AndroidManifest.xml:28:9-35
	android:icon
		ADDED from src/main/AndroidManifest.xml:29:9-45
	android:largeHeap
		ADDED from src/main/AndroidManifest.xml:31:9-33
	android:persistent
		ADDED from src/main/AndroidManifest.xml:32:9-34
	android:theme
		ADDED from src/main/AndroidManifest.xml:33:9-40
	android:name
		ADDED from src/main/AndroidManifest.xml:27:9-43
activity#com.iwit.rodney.ui.activity.HomeActivity
ADDED from src/main/AndroidManifest.xml:34:9-38:20
	android:screenOrientation
		ADDED from src/main/AndroidManifest.xml:36:13-49
	android:theme
		ADDED from src/main/AndroidManifest.xml:37:13-71
	android:name
		ADDED from src/main/AndroidManifest.xml:35:13-53
activity#com.iwit.rodney.ui.activity.LoadingActivity
ADDED from src/main/AndroidManifest.xml:39:9-48:20
	android:screenOrientation
		ADDED from src/main/AndroidManifest.xml:41:13-49
	android:theme
		ADDED from src/main/AndroidManifest.xml:42:13-71
	android:name
		ADDED from src/main/AndroidManifest.xml:40:13-71
intent-filter#android.intent.action.MAIN+android.intent.category.LAUNCHER
ADDED from src/main/AndroidManifest.xml:43:13-47:29
action#android.intent.action.MAIN
ADDED from src/main/AndroidManifest.xml:44:17-69
	android:name
		ADDED from src/main/AndroidManifest.xml:44:25-66
category#android.intent.category.LAUNCHER
ADDED from src/main/AndroidManifest.xml:46:17-77
	android:name
		ADDED from src/main/AndroidManifest.xml:46:27-74
activity#com.iwit.rodney.ui.activity.UserCenterActivity
ADDED from src/main/AndroidManifest.xml:49:9-55:20
	android:screenOrientation
		ADDED from src/main/AndroidManifest.xml:53:13-49
	android:label
		ADDED from src/main/AndroidManifest.xml:51:13-45
	android:launchMode
		ADDED from src/main/AndroidManifest.xml:52:13-44
	android:theme
		ADDED from src/main/AndroidManifest.xml:54:13-71
	android:name
		ADDED from src/main/AndroidManifest.xml:50:13-74
activity#com.iwit.rodney.ui.activity.SetActivity
ADDED from src/main/AndroidManifest.xml:56:9-60:20
	android:screenOrientation
		ADDED from src/main/AndroidManifest.xml:58:13-49
	android:theme
		ADDED from src/main/AndroidManifest.xml:59:13-71
	android:name
		ADDED from src/main/AndroidManifest.xml:57:13-67
activity#com.iwit.rodney.ui.activity.LoginActivity
ADDED from src/main/AndroidManifest.xml:61:9-65:20
	android:screenOrientation
		ADDED from src/main/AndroidManifest.xml:63:13-49
	android:theme
		ADDED from src/main/AndroidManifest.xml:64:13-71
	android:name
		ADDED from src/main/AndroidManifest.xml:62:13-69
activity#com.iwit.rodney.ui.activity.LoginSuccessActivity
ADDED from src/main/AndroidManifest.xml:66:9-70:20
	android:screenOrientation
		ADDED from src/main/AndroidManifest.xml:68:13-49
	android:theme
		ADDED from src/main/AndroidManifest.xml:69:13-71
	android:name
		ADDED from src/main/AndroidManifest.xml:67:13-76
activity#com.iwit.rodney.ui.activity.SetNewInfoActivity
ADDED from src/main/AndroidManifest.xml:71:9-75:20
	android:screenOrientation
		ADDED from src/main/AndroidManifest.xml:73:13-49
	android:theme
		ADDED from src/main/AndroidManifest.xml:74:13-71
	android:name
		ADDED from src/main/AndroidManifest.xml:72:13-74
activity#com.iwit.rodney.ui.activity.RegistActivity
ADDED from src/main/AndroidManifest.xml:76:9-80:20
	android:screenOrientation
		ADDED from src/main/AndroidManifest.xml:78:13-49
	android:theme
		ADDED from src/main/AndroidManifest.xml:79:13-71
	android:name
		ADDED from src/main/AndroidManifest.xml:77:13-70
activity#com.iwit.rodney.ui.activity.SetImgDialog
ADDED from src/main/AndroidManifest.xml:81:9-84:20
	android:theme
		ADDED from src/main/AndroidManifest.xml:83:13-49
	android:name
		ADDED from src/main/AndroidManifest.xml:82:13-68
activity#com.iwit.rodney.ui.activity.TakeImgDialog
ADDED from src/main/AndroidManifest.xml:85:9-88:20
	android:theme
		ADDED from src/main/AndroidManifest.xml:87:13-49
	android:name
		ADDED from src/main/AndroidManifest.xml:86:13-69
activity#com.iwit.rodney.ui.activity.FindPwdActivity
ADDED from src/main/AndroidManifest.xml:89:9-93:20
	android:screenOrientation
		ADDED from src/main/AndroidManifest.xml:91:13-49
	android:theme
		ADDED from src/main/AndroidManifest.xml:92:13-71
	android:name
		ADDED from src/main/AndroidManifest.xml:90:13-71
activity#com.iwit.rodney.ui.activity.ActiveActivity
ADDED from src/main/AndroidManifest.xml:94:9-97:20
	android:theme
		ADDED from src/main/AndroidManifest.xml:96:13-44
	android:name
		ADDED from src/main/AndroidManifest.xml:95:13-70
activity#com.iwit.rodney.ui.activity.SetNewPwdActivity
ADDED from src/main/AndroidManifest.xml:98:9-102:20
	android:screenOrientation
		ADDED from src/main/AndroidManifest.xml:100:13-49
	android:theme
		ADDED from src/main/AndroidManifest.xml:101:13-71
	android:name
		ADDED from src/main/AndroidManifest.xml:99:13-73
activity#com.iwit.rodney.ui.activity.CreationActivity
ADDED from src/main/AndroidManifest.xml:104:9-108:20
	android:screenOrientation
		ADDED from src/main/AndroidManifest.xml:106:13-49
	android:theme
		ADDED from src/main/AndroidManifest.xml:107:13-71
	android:name
		ADDED from src/main/AndroidManifest.xml:105:13-72
activity#com.iwit.rodney.ui.activity.MusicHomeActivity
ADDED from src/main/AndroidManifest.xml:109:9-113:20
	android:screenOrientation
		ADDED from src/main/AndroidManifest.xml:111:13-49
	android:theme
		ADDED from src/main/AndroidManifest.xml:112:13-71
	android:name
		ADDED from src/main/AndroidManifest.xml:110:13-73
activity#com.iwit.rodney.ui.activity.StoryHomeActivity
ADDED from src/main/AndroidManifest.xml:114:9-118:20
	android:screenOrientation
		ADDED from src/main/AndroidManifest.xml:116:13-49
	android:theme
		ADDED from src/main/AndroidManifest.xml:117:13-71
	android:name
		ADDED from src/main/AndroidManifest.xml:115:13-73
activity#com.iwit.rodney.ui.activity.LibraryActivity
ADDED from src/main/AndroidManifest.xml:119:9-123:20
	android:screenOrientation
		ADDED from src/main/AndroidManifest.xml:121:13-49
	android:theme
		ADDED from src/main/AndroidManifest.xml:122:13-71
	android:name
		ADDED from src/main/AndroidManifest.xml:120:13-71
activity#com.iwit.rodney.ui.activity.FavoriteActivity
ADDED from src/main/AndroidManifest.xml:124:9-128:20
	android:screenOrientation
		ADDED from src/main/AndroidManifest.xml:126:13-49
	android:theme
		ADDED from src/main/AndroidManifest.xml:127:13-71
	android:name
		ADDED from src/main/AndroidManifest.xml:125:13-72
activity#com.iwit.rodney.ui.activity.AccountActivity
ADDED from src/main/AndroidManifest.xml:129:9-133:20
	android:screenOrientation
		ADDED from src/main/AndroidManifest.xml:131:13-49
	android:theme
		ADDED from src/main/AndroidManifest.xml:132:13-71
	android:name
		ADDED from src/main/AndroidManifest.xml:130:13-71
activity#com.iwit.rodney.ui.activity.MusicPlayActivity
ADDED from src/main/AndroidManifest.xml:134:9-138:20
	android:screenOrientation
		ADDED from src/main/AndroidManifest.xml:136:13-49
	android:theme
		ADDED from src/main/AndroidManifest.xml:137:13-71
	android:name
		ADDED from src/main/AndroidManifest.xml:135:13-73
activity#com.mouee.android.MoueeReader
ADDED from src/main/AndroidManifest.xml:139:9-66
	android:name
		ADDED from src/main/AndroidManifest.xml:139:19-63
activity#com.iwit.rodney.ui.activity.RecordActivity
ADDED from src/main/AndroidManifest.xml:140:9-145:20
	android:screenOrientation
		ADDED from src/main/AndroidManifest.xml:142:13-49
	android:windowSoftInputMode
		ADDED from src/main/AndroidManifest.xml:144:13-54
	android:theme
		ADDED from src/main/AndroidManifest.xml:143:13-71
	android:name
		ADDED from src/main/AndroidManifest.xml:141:13-70
activity#com.iwit.rodney.ui.activity.ArarmActivity
ADDED from src/main/AndroidManifest.xml:146:9-150:20
	android:screenOrientation
		ADDED from src/main/AndroidManifest.xml:148:13-49
	android:theme
		ADDED from src/main/AndroidManifest.xml:149:13-47
	android:name
		ADDED from src/main/AndroidManifest.xml:147:13-69
activity#com.iwit.rodney.ui.activity.IntroduceActivity
ADDED from src/main/AndroidManifest.xml:152:9-156:20
	android:screenOrientation
		ADDED from src/main/AndroidManifest.xml:154:13-49
	android:theme
		ADDED from src/main/AndroidManifest.xml:155:13-71
	android:name
		ADDED from src/main/AndroidManifest.xml:153:13-73
service#com.iwit.rodney.service.MusicManagerService
ADDED from src/main/AndroidManifest.xml:158:9-161:19
	android:exported
		ADDED from src/main/AndroidManifest.xml:160:13-36
	android:name
		ADDED from src/main/AndroidManifest.xml:159:13-71
provider#com.iwit.rodney.downloader.provider.DownloadProvider
ADDED from src/main/AndroidManifest.xml:163:9-166:20
	android:authorities
		ADDED from src/main/AndroidManifest.xml:165:13-87
	android:name
		ADDED from src/main/AndroidManifest.xml:164:13-80
service#com.iwit.rodney.downloader.provider.AppDownloadService
ADDED from src/main/AndroidManifest.xml:168:9-90
	android:name
		ADDED from src/main/AndroidManifest.xml:168:18-87
receiver#com.iwit.rodney.receiver.BlueToothReceiver
ADDED from src/main/AndroidManifest.xml:170:9-183:20
	android:name
		ADDED from src/main/AndroidManifest.xml:170:19-76
intent-filter#android.bluetooth.device.action.ACL_CONNECTED+android.bluetooth.device.action.ACL_DISCONNECTED+android.bluetooth.device.action.ACL_DISCONNECT_REQUESTED+android.bluetooth.device.action.BOND_STATE_CHANGED+android.bluetooth.device.action.FOUND
ADDED from src/main/AndroidManifest.xml:171:13-182:29
action#android.bluetooth.device.action.ACL_CONNECTED
ADDED from src/main/AndroidManifest.xml:172:17-173:26
	android:name
		ADDED from src/main/AndroidManifest.xml:172:25-85
action#android.bluetooth.device.action.ACL_DISCONNECTED
ADDED from src/main/AndroidManifest.xml:174:17-175:26
	android:name
		ADDED from src/main/AndroidManifest.xml:174:25-88
action#android.bluetooth.device.action.FOUND
ADDED from src/main/AndroidManifest.xml:176:17-177:26
	android:name
		ADDED from src/main/AndroidManifest.xml:176:25-77
action#android.bluetooth.device.action.ACL_DISCONNECT_REQUESTED
ADDED from src/main/AndroidManifest.xml:178:17-179:26
	android:name
		ADDED from src/main/AndroidManifest.xml:178:25-96
action#android.bluetooth.device.action.BOND_STATE_CHANGED
ADDED from src/main/AndroidManifest.xml:180:17-181:26
	android:name
		ADDED from src/main/AndroidManifest.xml:180:25-90
receiver#com.iwit.rodney.receiver.MediaButtonIntentReceiver
ADDED from src/main/AndroidManifest.xml:184:9-190:20
	android:enabled
		ADDED from src/main/AndroidManifest.xml:186:13-35
	android:name
		ADDED from src/main/AndroidManifest.xml:185:13-78
intent-filter#android.intent.action.MEDIA_BUTTON
ADDED from src/main/AndroidManifest.xml:187:13-189:29
	android:priority
		ADDED from src/main/AndroidManifest.xml:187:28-57
action#android.intent.action.MEDIA_BUTTON
ADDED from src/main/AndroidManifest.xml:188:17-77
	android:name
		ADDED from src/main/AndroidManifest.xml:188:25-74